<?xml version="1.0" encoding="UTF-8"?>
<!-- Generated by org.testng.reporters.JUnitReportReporter -->
<testsuite hostname="Smieshkovs-MacBook-Pro.local" name="DevMateTest" tests="2" failures="0" timestamp="5 Oct 2014 16:54:52 GMT" time="13.150" errors="0">
  <testcase name="scenario2" time="8.419" classname="DevMateTest"/>
  <testcase name="scenario1" time="4.731" classname="DevMateTest"/>
</testsuite> <!-- DevMateTest -->
